<?xml version="1.0" encoding="UTF-8"?>
<testng-results skipped="0" failed="0" ignored="0" total="1" passed="1">
  <reporter-output>
  </reporter-output>
  <suite name="Suite" duration-ms="72270" started-at="2020-04-09T07:42:08 IST" finished-at="2020-04-09T07:43:20 IST">
    <groups>
    </groups>
    <test name="Test" duration-ms="72270" started-at="2020-04-09T07:42:08 IST" finished-at="2020-04-09T07:43:20 IST">
      <class name="hema.SampleAndroid.TestViews">
        <test-method status="PASS" signature="testDragAndDrop()[pri:0, instance:hema.SampleAndroid.TestViews@44c8afef]" name="testDragAndDrop" duration-ms="67134" started-at="2020-04-09T07:42:08 IST" finished-at="2020-04-09T07:43:15 IST">
          <reporter-output>
          </reporter-output>
        </test-method> <!-- testDragAndDrop -->
        <test-method status="PASS" signature="killExistingServer()[pri:0, instance:hema.SampleAndroid.TestViews@44c8afef]" name="killExistingServer" is-config="true" duration-ms="5047" started-at="2020-04-09T07:43:15 IST" finished-at="2020-04-09T07:43:20 IST">
          <reporter-output>
          </reporter-output>
        </test-method> <!-- killExistingServer -->
      </class> <!-- hema.SampleAndroid.TestViews -->
    </test> <!-- Test -->
  </suite> <!-- Suite -->
</testng-results>
